<?xml version="1.0" encoding="UTF-8"?>
<testsuite xmlns:xsi="http://www.w3.org/2001/XMLSchema-instance" xsi:noNamespaceSchemaLocation="https://maven.apache.org/surefire/maven-surefire-plugin/xsd/surefire-test-report-3.0.xsd" version="3.0" name="com.isw_lab.pl2_isw.CitasTest" time="0.101" tests="4" errors="0" skipped="0" failures="0">
  <properties>
[...]
</properties>
  <testcase name="testGetFecha" classname="com.isw_lab.pl2_isw.CitasTest" time="0.05">
    <system-out><![CDATA[Test unitario Citas->getFecha
]]></system-out>
  </testcase>
  <testcase name="testGetLugar" classname="com.isw_lab.pl2_isw.CitasTest" time="0.002">
    <system-out><![CDATA[Test unitario Citas->getLugar
]]></system-out>
  </testcase>
  <testcase name="testGetHora" classname="com.isw_lab.pl2_isw.CitasTest" time="0.004">
    <system-out><![CDATA[Test unitario Citas->getHora()
]]></system-out>
  </testcase>
  <testcase name="testGetPers_involucradas" classname="com.isw_lab.pl2_isw.CitasTest" time="0.002">
    <system-out><![CDATA[Test unitario Citas->getPers_involucradas PD: EN CASO DE ESTAR VACIAS
]]></system-out>
  </testcase>
</testsuite>